This is pdfTeX, Version 3.1415926-2.4-1.40.13 (TeX Live 2012/Arch Linux) (format=pdflatex 2012.12.11)  14 DEC 2012 15:04
entering extended mode
 restricted \write18 enabled.
 file:line:error style messages enabled.
 %&-line parsing enabled.
**./report/report.tex
(./report/report.tex
LaTeX2e <2011/06/27>
Babel <v3.8m> and hyphenation patterns for english, dumylang, nohyphenation, ge
rman-x-2012-05-30, ngerman-x-2012-05-30, afrikaans, ancientgreek, ibycus, arabi
c, armenian, basque, bulgarian, catalan, pinyin, coptic, croatian, czech, danis
h, dutch, ukenglish, usenglishmax, esperanto, estonian, ethiopic, farsi, finnis
h, french, friulan, galician, german, ngerman, swissgerman, monogreek, greek, h
ungarian, icelandic, assamese, bengali, gujarati, hindi, kannada, malayalam, ma
rathi, oriya, panjabi, tamil, telugu, indonesian, interlingua, irish, italian, 
kurmanji, latin, latvian, lithuanian, mongolian, mongolianlmc, bokmal, nynorsk,
 polish, portuguese, romanian, romansh, russian, sanskrit, serbian, serbianc, s
lovak, slovenian, spanish, swedish, turkish, turkmen, ukrainian, uppersorbian, 
welsh, loaded.
(/usr/share/texmf-dist/tex/latex/base/article.cls
Document Class: article 2007/10/19 v1.4h Standard LaTeX document class
(/usr/share/texmf-dist/tex/latex/base/size11.clo
File: size11.clo 2007/10/19 v1.4h Standard LaTeX file (size option)
)
\c@part=\count79
\c@section=\count80
\c@subsection=\count81
\c@subsubsection=\count82
\c@paragraph=\count83
\c@subparagraph=\count84
\c@figure=\count85
\c@table=\count86
\abovecaptionskip=\skip41
\belowcaptionskip=\skip42
\bibindent=\dimen102
)
(/usr/share/texmf-dist/tex/latex/base/fontenc.sty
Package: fontenc 2005/09/27 v1.99g Standard LaTeX package

(/usr/share/texmf-dist/tex/latex/base/t1enc.def
File: t1enc.def 2005/09/27 v1.99g Standard LaTeX file
LaTeX Font Info:    Redeclaring font encoding T1 on input line 43.
))
(/usr/share/texmf-dist/tex/latex/base/inputenc.sty
Package: inputenc 2008/03/30 v1.1d Input encoding file
\inpenc@prehook=\toks14
\inpenc@posthook=\toks15
)
(/usr/share/texmf-dist/tex/latex/amsfonts/amsfonts.sty
Package: amsfonts 2009/06/22 v3.00 Basic AMSFonts support
\@emptytoks=\toks16
\symAMSa=\mathgroup4
\symAMSb=\mathgroup5
LaTeX Font Info:    Overwriting math alphabet `\mathfrak' in version `bold'
(Font)                  U/euf/m/n --> U/euf/b/n on input line 96.
)
(/usr/share/texmf-dist/tex/latex/graphics/graphicx.sty
Package: graphicx 1999/02/16 v1.0f Enhanced LaTeX Graphics (DPC,SPQR)

(/usr/share/texmf-dist/tex/latex/graphics/keyval.sty
Package: keyval 1999/03/16 v1.13 key=value parser (DPC)
\KV@toks@=\toks17
)
(/usr/share/texmf-dist/tex/latex/graphics/graphics.sty
Package: graphics 2009/02/05 v1.0o Standard LaTeX Graphics (DPC,SPQR)

(/usr/share/texmf-dist/tex/latex/graphics/trig.sty
Package: trig 1999/03/16 v1.09 sin cos tan (DPC)
)
(/usr/share/texmf-dist/tex/latex/latexconfig/graphics.cfg
File: graphics.cfg 2010/04/23 v1.9 graphics configuration of TeX Live
)
Package graphics Info: Driver file: pdftex.def on input line 91.

(/usr/share/texmf-dist/tex/latex/pdftex-def/pdftex.def
File: pdftex.def 2011/05/27 v0.06d Graphics/color for pdfTeX

(/usr/share/texmf-dist/tex/generic/oberdiek/infwarerr.sty
Package: infwarerr 2010/04/08 v1.3 Providing info/warning/error messages (HO)
)
(/usr/share/texmf-dist/tex/generic/oberdiek/ltxcmds.sty
Package: ltxcmds 2011/11/09 v1.22 LaTeX kernel commands for general use (HO)
)
\Gread@gobject=\count87
))
\Gin@req@height=\dimen103
\Gin@req@width=\dimen104
)
(/usr/share/texmf-dist/tex/latex/tools/bm.sty
Package: bm 2004/02/26 v1.1c Bold Symbol Support (DPC/FMi)
\symboldoperators=\mathgroup6
\symboldletters=\mathgroup7
\symboldsymbols=\mathgroup8
LaTeX Font Info:    Redeclaring math alphabet \mathbf on input line 138.
LaTeX Info: Redefining \bm on input line 204.
)
(/usr/share/texmf-dist/tex/latex/tools/varioref.sty
Package: varioref 2011/10/02 v1.4z package for extended references (FMi)
\c@vrcnt=\count88
)
(/usr/share/texmf-dist/tex/generic/babel/babel.sty
Package: babel 2008/07/08 v3.8m The Babel package

(/usr/share/texmf-dist/tex/generic/babel/english.ldf
Language: english 2005/03/30 v3.3o English support from the babel system

(/usr/share/texmf-dist/tex/generic/babel/babel.def
File: babel.def 2008/07/08 v3.8m Babel common definitions
\babel@savecnt=\count89
\U@D=\dimen105
)
\l@canadian = a dialect from \language\l@american 
\l@australian = a dialect from \language\l@british 
\l@newzealand = a dialect from \language\l@british 
))
(/usr/share/texmf-dist/tex/latex/hyperref/hyperref.sty
Package: hyperref 2012/11/06 v6.83m Hypertext links for LaTeX

(/usr/share/texmf-dist/tex/generic/oberdiek/hobsub-hyperref.sty
Package: hobsub-hyperref 2012/05/28 v1.13 Bundle oberdiek, subset hyperref (HO)


(/usr/share/texmf-dist/tex/generic/oberdiek/hobsub-generic.sty
Package: hobsub-generic 2012/05/28 v1.13 Bundle oberdiek, subset generic (HO)
Package: hobsub 2012/05/28 v1.13 Construct package bundles (HO)
Package hobsub Info: Skipping package `infwarerr' (already loaded).
Package hobsub Info: Skipping package `ltxcmds' (already loaded).
Package: ifluatex 2010/03/01 v1.3 Provides the ifluatex switch (HO)
Package ifluatex Info: LuaTeX not detected.
Package: ifvtex 2010/03/01 v1.5 Detect VTeX and its facilities (HO)
Package ifvtex Info: VTeX not detected.
Package: intcalc 2007/09/27 v1.1 Expandable calculations with integers (HO)
Package: ifpdf 2011/01/30 v2.3 Provides the ifpdf switch (HO)
Package ifpdf Info: pdfTeX in PDF mode is detected.
Package: etexcmds 2011/02/16 v1.5 Avoid name clashes with e-TeX commands (HO)
Package etexcmds Info: Could not find \expanded.
(etexcmds)             That can mean that you are not using pdfTeX 1.50 or
(etexcmds)             that some package has redefined \expanded.
(etexcmds)             In the latter case, load this package earlier.
Package: kvsetkeys 2012/04/25 v1.16 Key value parser (HO)
Package: kvdefinekeys 2011/04/07 v1.3 Define keys (HO)
Package: pdftexcmds 2011/11/29 v0.20 Utility functions of pdfTeX for LuaTeX (HO
)
Package pdftexcmds Info: LuaTeX not detected.
Package pdftexcmds Info: \pdf@primitive is available.
Package pdftexcmds Info: \pdf@ifprimitive is available.
Package pdftexcmds Info: \pdfdraftmode found.
Package: pdfescape 2011/11/25 v1.13 Implements pdfTeX's escape features (HO)
Package: bigintcalc 2012/04/08 v1.3 Expandable calculations on big integers (HO
)
Package: bitset 2011/01/30 v1.1 Handle bit-vector datatype (HO)
Package: uniquecounter 2011/01/30 v1.2 Provide unlimited unique counter (HO)
)
Package hobsub Info: Skipping package `hobsub' (already loaded).
Package: letltxmacro 2010/09/02 v1.4 Let assignment for LaTeX macros (HO)
Package: hopatch 2012/05/28 v1.2 Wrapper for package hooks (HO)
Package: xcolor-patch 2011/01/30 xcolor patch
Package: atveryend 2011/06/30 v1.8 Hooks at the very end of document (HO)
Package atveryend Info: \enddocument detected (standard20110627).
Package: atbegshi 2011/10/05 v1.16 At begin shipout hook (HO)
Package: refcount 2011/10/16 v3.4 Data extraction from label references (HO)
Package: hycolor 2011/01/30 v1.7 Color options for hyperref/bookmark (HO)
)
(/usr/share/texmf-dist/tex/generic/ifxetex/ifxetex.sty
Package: ifxetex 2010/09/12 v0.6 Provides ifxetex conditional
)
(/usr/share/texmf-dist/tex/latex/oberdiek/auxhook.sty
Package: auxhook 2011/03/04 v1.3 Hooks for auxiliary files (HO)
)
(/usr/share/texmf-dist/tex/latex/oberdiek/kvoptions.sty
Package: kvoptions 2011/06/30 v3.11 Key value format for package options (HO)
)
\@linkdim=\dimen106
\Hy@linkcounter=\count90
\Hy@pagecounter=\count91

(/usr/share/texmf-dist/tex/latex/hyperref/pd1enc.def
File: pd1enc.def 2012/11/06 v6.83m Hyperref: PDFDocEncoding definition (HO)
)
\Hy@SavedSpaceFactor=\count92

(/usr/share/texmf-dist/tex/latex/latexconfig/hyperref.cfg
File: hyperref.cfg 2002/06/06 v1.2 hyperref configuration of TeXLive
)
Package hyperref Info: Hyper figures OFF on input line 4443.
Package hyperref Info: Link nesting OFF on input line 4448.
Package hyperref Info: Hyper index ON on input line 4451.
Package hyperref Info: Plain pages OFF on input line 4458.
Package hyperref Info: Backreferencing OFF on input line 4463.
Package hyperref Info: Implicit mode ON; LaTeX internals redefined.
Package hyperref Info: Bookmarks ON on input line 4688.
\c@Hy@tempcnt=\count93

(/usr/share/texmf-dist/tex/latex/url/url.sty
\Urlmuskip=\muskip10
Package: url 2006/04/12  ver 3.3  Verb mode for urls, etc.
)
LaTeX Info: Redefining \url on input line 5041.
\XeTeXLinkMargin=\dimen107
\Fld@menulength=\count94
\Field@Width=\dimen108
\Fld@charsize=\dimen109
Package hyperref Info: Hyper figures OFF on input line 6295.
Package hyperref Info: Link nesting OFF on input line 6300.
Package hyperref Info: Hyper index ON on input line 6303.
Package hyperref Info: backreferencing OFF on input line 6310.
Package hyperref Info: Link coloring OFF on input line 6315.
Package hyperref Info: Link coloring with OCG OFF on input line 6320.
Package hyperref Info: PDF/A mode OFF on input line 6325.
LaTeX Info: Redefining \ref on input line 6365.
LaTeX Info: Redefining \pageref on input line 6369.
\Hy@abspage=\count95
\c@Item=\count96
\c@Hfootnote=\count97
)

Package hyperref Message: Driver (autodetected): hpdftex.

(/usr/share/texmf-dist/tex/latex/hyperref/hpdftex.def
File: hpdftex.def 2012/11/06 v6.83m Hyperref driver for pdfTeX
\Fld@listcount=\count98
\c@bookmark@seq@number=\count99

(/usr/share/texmf-dist/tex/latex/oberdiek/rerunfilecheck.sty
Package: rerunfilecheck 2011/04/15 v1.7 Rerun checks for auxiliary files (HO)
Package uniquecounter Info: New unique counter `rerunfilecheck' on input line 2
82.
)
\Hy@SectionHShift=\skip43
)
(/usr/share/texmf-dist/tex/latex/pgf/frontendlayer/tikz.sty
(/usr/share/texmf-dist/tex/latex/pgf/basiclayer/pgf.sty
(/usr/share/texmf-dist/tex/latex/pgf/utilities/pgfrcs.sty
(/usr/share/texmf-dist/tex/generic/pgf/utilities/pgfutil-common.tex
\pgfutil@everybye=\toks18
)
(/usr/share/texmf-dist/tex/generic/pgf/utilities/pgfutil-latex.def
\pgfutil@abb=\box26

(/usr/share/texmf-dist/tex/latex/ms/everyshi.sty
Package: everyshi 2001/05/15 v3.00 EveryShipout Package (MS)
))
(/usr/share/texmf-dist/tex/generic/pgf/utilities/pgfrcs.code.tex
Package: pgfrcs 2010/10/25 v2.10 (rcs-revision 1.24)
))
Package: pgf 2008/01/15 v2.10 (rcs-revision 1.12)

(/usr/share/texmf-dist/tex/latex/pgf/basiclayer/pgfcore.sty
(/usr/share/texmf-dist/tex/latex/pgf/systemlayer/pgfsys.sty
(/usr/share/texmf-dist/tex/generic/pgf/systemlayer/pgfsys.code.tex
Package: pgfsys 2010/06/30 v2.10 (rcs-revision 1.37)

(/usr/share/texmf-dist/tex/generic/pgf/utilities/pgfkeys.code.tex
\pgfkeys@pathtoks=\toks19
\pgfkeys@temptoks=\toks20

(/usr/share/texmf-dist/tex/generic/pgf/utilities/pgfkeysfiltered.code.tex
\pgfkeys@tmptoks=\toks21
))
\pgf@x=\dimen110
\pgf@y=\dimen111
\pgf@xa=\dimen112
\pgf@ya=\dimen113
\pgf@xb=\dimen114
\pgf@yb=\dimen115
\pgf@xc=\dimen116
\pgf@yc=\dimen117
\w@pgf@writea=\write3
\r@pgf@reada=\read1
\c@pgf@counta=\count100
\c@pgf@countb=\count101
\c@pgf@countc=\count102
\c@pgf@countd=\count103

(/usr/share/texmf-dist/tex/generic/pgf/systemlayer/pgf.cfg
File: pgf.cfg 2008/05/14  (rcs-revision 1.7)
)
Package pgfsys Info: Driver file for pgf: pgfsys-pdftex.def on input line 900.

(/usr/share/texmf-dist/tex/generic/pgf/systemlayer/pgfsys-pdftex.def
File: pgfsys-pdftex.def 2009/05/22  (rcs-revision 1.26)

(/usr/share/texmf-dist/tex/generic/pgf/systemlayer/pgfsys-common-pdf.def
File: pgfsys-common-pdf.def 2008/05/19  (rcs-revision 1.10)
)))
(/usr/share/texmf-dist/tex/generic/pgf/systemlayer/pgfsyssoftpath.code.tex
File: pgfsyssoftpath.code.tex 2008/07/18  (rcs-revision 1.7)
\pgfsyssoftpath@smallbuffer@items=\count104
\pgfsyssoftpath@bigbuffer@items=\count105
)
(/usr/share/texmf-dist/tex/generic/pgf/systemlayer/pgfsysprotocol.code.tex
File: pgfsysprotocol.code.tex 2006/10/16  (rcs-revision 1.4)
))
(/usr/share/texmf-dist/tex/latex/xcolor/xcolor.sty
Package: xcolor 2007/01/21 v2.11 LaTeX color extensions (UK)

(/usr/share/texmf-dist/tex/latex/latexconfig/color.cfg
File: color.cfg 2007/01/18 v1.5 color configuration of teTeX/TeXLive
)
Package xcolor Info: Driver file: pdftex.def on input line 225.
Package xcolor Info: Model `cmy' substituted by `cmy0' on input line 1337.
Package xcolor Info: Model `hsb' substituted by `rgb' on input line 1341.
Package xcolor Info: Model `RGB' extended on input line 1353.
Package xcolor Info: Model `HTML' substituted by `rgb' on input line 1355.
Package xcolor Info: Model `Hsb' substituted by `hsb' on input line 1356.
Package xcolor Info: Model `tHsb' substituted by `hsb' on input line 1357.
Package xcolor Info: Model `HSB' substituted by `hsb' on input line 1358.
Package xcolor Info: Model `Gray' substituted by `gray' on input line 1359.
Package xcolor Info: Model `wave' substituted by `hsb' on input line 1360.
)
(/usr/share/texmf-dist/tex/generic/pgf/basiclayer/pgfcore.code.tex
Package: pgfcore 2010/04/11 v2.10 (rcs-revision 1.7)

(/usr/share/texmf-dist/tex/generic/pgf/math/pgfmath.code.tex
(/usr/share/texmf-dist/tex/generic/pgf/math/pgfmathcalc.code.tex
(/usr/share/texmf-dist/tex/generic/pgf/math/pgfmathutil.code.tex)
(/usr/share/texmf-dist/tex/generic/pgf/math/pgfmathparser.code.tex
\pgfmath@dimen=\dimen118
\pgfmath@count=\count106
\pgfmath@box=\box27
\pgfmath@toks=\toks22
\pgfmath@stack@operand=\toks23
\pgfmath@stack@operation=\toks24
)
(/usr/share/texmf-dist/tex/generic/pgf/math/pgfmathfunctions.code.tex
(/usr/share/texmf-dist/tex/generic/pgf/math/pgfmathfunctions.basic.code.tex)
(/usr/share/texmf-dist/tex/generic/pgf/math/pgfmathfunctions.trigonometric.code
.tex)
(/usr/share/texmf-dist/tex/generic/pgf/math/pgfmathfunctions.random.code.tex)
(/usr/share/texmf-dist/tex/generic/pgf/math/pgfmathfunctions.comparison.code.te
x) (/usr/share/texmf-dist/tex/generic/pgf/math/pgfmathfunctions.base.code.tex)
(/usr/share/texmf-dist/tex/generic/pgf/math/pgfmathfunctions.round.code.tex)
(/usr/share/texmf-dist/tex/generic/pgf/math/pgfmathfunctions.misc.code.tex)))
(/usr/share/texmf-dist/tex/generic/pgf/math/pgfmathfloat.code.tex
\c@pgfmathroundto@lastzeros=\count107
))
(/usr/share/texmf-dist/tex/generic/pgf/basiclayer/pgfcorepoints.code.tex
File: pgfcorepoints.code.tex 2010/04/09  (rcs-revision 1.20)
\pgf@picminx=\dimen119
\pgf@picmaxx=\dimen120
\pgf@picminy=\dimen121
\pgf@picmaxy=\dimen122
\pgf@pathminx=\dimen123
\pgf@pathmaxx=\dimen124
\pgf@pathminy=\dimen125
\pgf@pathmaxy=\dimen126
\pgf@xx=\dimen127
\pgf@xy=\dimen128
\pgf@yx=\dimen129
\pgf@yy=\dimen130
\pgf@zx=\dimen131
\pgf@zy=\dimen132
)
(/usr/share/texmf-dist/tex/generic/pgf/basiclayer/pgfcorepathconstruct.code.tex
File: pgfcorepathconstruct.code.tex 2010/08/03  (rcs-revision 1.24)
\pgf@path@lastx=\dimen133
\pgf@path@lasty=\dimen134
) (/usr/share/texmf-dist/tex/generic/pgf/basiclayer/pgfcorepathusage.code.tex
File: pgfcorepathusage.code.tex 2008/04/22  (rcs-revision 1.12)
\pgf@shorten@end@additional=\dimen135
\pgf@shorten@start@additional=\dimen136
)
(/usr/share/texmf-dist/tex/generic/pgf/basiclayer/pgfcorescopes.code.tex
File: pgfcorescopes.code.tex 2010/09/08  (rcs-revision 1.34)
\pgfpic=\box28
\pgf@hbox=\box29
\pgf@layerbox@main=\box30
\pgf@picture@serial@count=\count108
)
(/usr/share/texmf-dist/tex/generic/pgf/basiclayer/pgfcoregraphicstate.code.tex
File: pgfcoregraphicstate.code.tex 2008/04/22  (rcs-revision 1.9)
\pgflinewidth=\dimen137
)
(/usr/share/texmf-dist/tex/generic/pgf/basiclayer/pgfcoretransformations.code.t
ex
File: pgfcoretransformations.code.tex 2009/06/10  (rcs-revision 1.11)
\pgf@pt@x=\dimen138
\pgf@pt@y=\dimen139
\pgf@pt@temp=\dimen140
) (/usr/share/texmf-dist/tex/generic/pgf/basiclayer/pgfcorequick.code.tex
File: pgfcorequick.code.tex 2008/10/09  (rcs-revision 1.3)
)
(/usr/share/texmf-dist/tex/generic/pgf/basiclayer/pgfcoreobjects.code.tex
File: pgfcoreobjects.code.tex 2006/10/11  (rcs-revision 1.2)
)
(/usr/share/texmf-dist/tex/generic/pgf/basiclayer/pgfcorepathprocessing.code.te
x
File: pgfcorepathprocessing.code.tex 2008/10/09  (rcs-revision 1.8)
) (/usr/share/texmf-dist/tex/generic/pgf/basiclayer/pgfcorearrows.code.tex
File: pgfcorearrows.code.tex 2008/04/23  (rcs-revision 1.11)
)
(/usr/share/texmf-dist/tex/generic/pgf/basiclayer/pgfcoreshade.code.tex
File: pgfcoreshade.code.tex 2008/11/23  (rcs-revision 1.13)
\pgf@max=\dimen141
\pgf@sys@shading@range@num=\count109
)
(/usr/share/texmf-dist/tex/generic/pgf/basiclayer/pgfcoreimage.code.tex
File: pgfcoreimage.code.tex 2010/03/25  (rcs-revision 1.16)

(/usr/share/texmf-dist/tex/generic/pgf/basiclayer/pgfcoreexternal.code.tex
File: pgfcoreexternal.code.tex 2010/09/01  (rcs-revision 1.17)
\pgfexternal@startupbox=\box31
))
(/usr/share/texmf-dist/tex/generic/pgf/basiclayer/pgfcorelayers.code.tex
File: pgfcorelayers.code.tex 2010/08/27  (rcs-revision 1.2)
)
(/usr/share/texmf-dist/tex/generic/pgf/basiclayer/pgfcoretransparency.code.tex
File: pgfcoretransparency.code.tex 2008/01/17  (rcs-revision 1.2)
) (/usr/share/texmf-dist/tex/generic/pgf/basiclayer/pgfcorepatterns.code.tex
File: pgfcorepatterns.code.tex 2009/07/02  (rcs-revision 1.3)
)))
(/usr/share/texmf-dist/tex/generic/pgf/modules/pgfmoduleshapes.code.tex
File: pgfmoduleshapes.code.tex 2010/09/09  (rcs-revision 1.13)
\pgfnodeparttextbox=\box32
)
(/usr/share/texmf-dist/tex/generic/pgf/modules/pgfmoduleplot.code.tex
File: pgfmoduleplot.code.tex 2010/10/22  (rcs-revision 1.8)
)
(/usr/share/texmf-dist/tex/latex/pgf/compatibility/pgfcomp-version-0-65.sty
Package: pgfcomp-version-0-65 2007/07/03 v2.10 (rcs-revision 1.7)
\pgf@nodesepstart=\dimen142
\pgf@nodesepend=\dimen143
)
(/usr/share/texmf-dist/tex/latex/pgf/compatibility/pgfcomp-version-1-18.sty
Package: pgfcomp-version-1-18 2007/07/23 v2.10 (rcs-revision 1.1)
))
(/usr/share/texmf-dist/tex/latex/pgf/utilities/pgffor.sty
(/usr/share/texmf-dist/tex/latex/pgf/utilities/pgfkeys.sty
(/usr/share/texmf-dist/tex/generic/pgf/utilities/pgfkeys.code.tex))
(/usr/share/texmf-dist/tex/generic/pgf/utilities/pgffor.code.tex
Package: pgffor 2010/03/23 v2.10 (rcs-revision 1.18)
\pgffor@iter=\dimen144
\pgffor@skip=\dimen145
\pgffor@stack=\toks25
\pgffor@toks=\toks26
))
(/usr/share/texmf-dist/tex/generic/pgf/frontendlayer/tikz/tikz.code.tex
Package: tikz 2010/10/13 v2.10 (rcs-revision 1.76)

(/usr/share/texmf-dist/tex/generic/pgf/libraries/pgflibraryplothandlers.code.te
x
File: pgflibraryplothandlers.code.tex 2010/05/31 v2.10 (rcs-revision 1.15)
\pgf@plot@mark@count=\count110
\pgfplotmarksize=\dimen146
)
\tikz@lastx=\dimen147
\tikz@lasty=\dimen148
\tikz@lastxsaved=\dimen149
\tikz@lastysaved=\dimen150
\tikzleveldistance=\dimen151
\tikzsiblingdistance=\dimen152
\tikz@figbox=\box33
\tikz@tempbox=\box34
\tikztreelevel=\count111
\tikznumberofchildren=\count112
\tikznumberofcurrentchild=\count113
\tikz@fig@count=\count114
 (/usr/share/texmf-dist/tex/generic/pgf/modules/pgfmodulematrix.code.tex
File: pgfmodulematrix.code.tex 2010/08/24  (rcs-revision 1.4)
\pgfmatrixcurrentrow=\count115
\pgfmatrixcurrentcolumn=\count116
\pgf@matrix@numberofcolumns=\count117
)
\tikz@expandcount=\count118

(/usr/share/texmf-dist/tex/generic/pgf/frontendlayer/tikz/libraries/tikzlibrary
topaths.code.tex
File: tikzlibrarytopaths.code.tex 2008/06/17 v2.10 (rcs-revision 1.2)
)))
(/usr/share/texmf-dist/tex/generic/pgf/frontendlayer/tikz/libraries/tikzlibrary
arrows.code.tex
File: tikzlibraryarrows.code.tex 2008/01/09 v2.10 (rcs-revision 1.1)

(/usr/share/texmf-dist/tex/generic/pgf/libraries/pgflibraryarrows.code.tex
File: pgflibraryarrows.code.tex 2008/10/27 v2.10 (rcs-revision 1.9)
\arrowsize=\dimen153
))
(/usr/share/texmf-dist/tex/generic/pgf/frontendlayer/tikz/libraries/tikzlibrary
decorations.pathmorphing.code.tex
(/usr/share/texmf-dist/tex/generic/pgf/frontendlayer/tikz/libraries/tikzlibrary
decorations.code.tex
(/usr/share/texmf-dist/tex/generic/pgf/modules/pgfmoduledecorations.code.tex
\pgfdecoratedcompleteddistance=\dimen154
\pgfdecoratedremainingdistance=\dimen155
\pgfdecoratedinputsegmentcompleteddistance=\dimen156
\pgfdecoratedinputsegmentremainingdistance=\dimen157
\pgf@decorate@distancetomove=\dimen158
\pgf@decorate@repeatstate=\count119
\pgfdecorationsegmentamplitude=\dimen159
\pgfdecorationsegmentlength=\dimen160
)
\tikz@lib@dec@box=\box35
)
(/usr/share/texmf-dist/tex/generic/pgf/libraries/decorations/pgflibrarydecorati
ons.pathmorphing.code.tex))
(/usr/share/texmf-dist/tex/generic/pgf/frontendlayer/tikz/libraries/tikzlibrary
backgrounds.code.tex
File: tikzlibrarybackgrounds.code.tex 2010/02/08 v2.10 (rcs-revision 1.2)
\pgf@layerbox@background=\box36
\pgf@layerboxsaved@background=\box37
)
(/usr/share/texmf-dist/tex/generic/pgf/frontendlayer/tikz/libraries/tikzlibrary
positioning.code.tex
File: tikzlibrarypositioning.code.tex 2008/10/06 v2.10 (rcs-revision 1.7)
)
(/usr/share/texmf-dist/tex/generic/pgf/frontendlayer/tikz/libraries/tikzlibrary
fit.code.tex
File: tikzlibraryfit.code.tex 2008/06/21 v2.10 (rcs-revision 1.3)
)
(/usr/share/texmf-dist/tex/generic/pgf/frontendlayer/tikz/libraries/tikzlibrary
petri.code.tex
File: tikzlibrarypetri.code.tex 2008/06/18 v2.10 (rcs-revision 1.2)
) (/usr/share/texmf-dist/tex/latex/enumitem/enumitem.sty
Package: enumitem 2011/09/28 v3.5.2 Customized lists
\labelindent=\skip44
\enit@outerparindent=\dimen161
\enit@toks=\toks27
\enit@inbox=\box38
\enitdp@description=\count120
)
(/usr/share/texmf-dist/tex/latex/frankenstein/newclude.sty
Package: newclude 1999/11/02 v2 A new system for including files (Frankenstein'
s backbone)

(/usr/share/texmf-dist/tex/latex/frankenstein/moredefs.sty
Package: moredefs 2001/08/31 v1.8 more defining commands (Frankenstein's brain)

\sc@toks@a=\toks28
\sc@toks@b=\toks29
)
\nc@toks@a=\toks30
\c@IncludeDepth=\count121
)
(/usr/share/texmf-dist/tex/latex/frankenstein/tag.sto) (./report.aux)
\openout1 = `report.aux'.

LaTeX Font Info:    Checking defaults for OML/cmm/m/it on input line 15.
LaTeX Font Info:    ... okay on input line 15.
LaTeX Font Info:    Checking defaults for T1/cmr/m/n on input line 15.
LaTeX Font Info:    ... okay on input line 15.
LaTeX Font Info:    Checking defaults for OT1/cmr/m/n on input line 15.
LaTeX Font Info:    ... okay on input line 15.
LaTeX Font Info:    Checking defaults for OMS/cmsy/m/n on input line 15.
LaTeX Font Info:    ... okay on input line 15.
LaTeX Font Info:    Checking defaults for OMX/cmex/m/n on input line 15.
LaTeX Font Info:    ... okay on input line 15.
LaTeX Font Info:    Checking defaults for U/cmr/m/n on input line 15.
LaTeX Font Info:    ... okay on input line 15.
LaTeX Font Info:    Checking defaults for PD1/pdf/m/n on input line 15.
LaTeX Font Info:    ... okay on input line 15.

(/usr/share/texmf-dist/tex/context/base/supp-pdf.mkii
[Loading MPS to PDF converter (version 2006.09.02).]
\scratchcounter=\count122
\scratchdimen=\dimen162
\scratchbox=\box39
\nofMPsegments=\count123
\nofMParguments=\count124
\everyMPshowfont=\toks31
\MPscratchCnt=\count125
\MPscratchDim=\dimen163
\MPnumerator=\count126
\makeMPintoPDFobject=\count127
\everyMPtoPDFconversion=\toks32
) (/usr/share/texmf-dist/tex/latex/oberdiek/epstopdf-base.sty
Package: epstopdf-base 2010/02/09 v2.5 Base part for package epstopdf

(/usr/share/texmf-dist/tex/latex/oberdiek/grfext.sty
Package: grfext 2010/08/19 v1.1 Manage graphics extensions (HO)
)
Package grfext Info: Graphics extension search list:
(grfext)             [.png,.pdf,.jpg,.mps,.jpeg,.jbig2,.jb2,.PNG,.PDF,.JPG,.JPE
G,.JBIG2,.JB2,.eps]
(grfext)             \AppendGraphicsExtensions on input line 452.

(/usr/share/texmf-dist/tex/latex/latexconfig/epstopdf-sys.cfg
File: epstopdf-sys.cfg 2010/07/13 v1.3 Configuration of (r)epstopdf for TeX Liv
e
))
\AtBeginShipoutBox=\box40
Package hyperref Info: Link coloring OFF on input line 15.

(/usr/share/texmf-dist/tex/latex/hyperref/nameref.sty
Package: nameref 2012/10/27 v2.43 Cross-referencing by name of section

(/usr/share/texmf-dist/tex/generic/oberdiek/gettitlestring.sty
Package: gettitlestring 2010/12/03 v1.4 Cleanup title references (HO)
)
\c@section@level=\count128
LaTeX Info: Redefining \Ref on input line 513.
)
LaTeX Info: Redefining \ref on input line 15.
LaTeX Info: Redefining \pageref on input line 15.
LaTeX Info: Redefining \nameref on input line 15.
 (./report.out) (./report.out)
\@outlinefile=\write4
\openout4 = `report.out'.

LaTeX Info: Redefining \Ref on input line 15.
 ABD: EveryShipout initializing macros [1

{/var/lib/texmf/fonts/map/pdftex/updmap/pdftex.map}] (./report.toc
LaTeX Font Info:    Try loading font information for U+msa on input line 4.

(/usr/share/texmf-dist/tex/latex/amsfonts/umsa.fd
File: umsa.fd 2009/06/22 v3.00 AMS symbols A
)
LaTeX Font Info:    Try loading font information for U+msb on input line 4.

(/usr/share/texmf-dist/tex/latex/amsfonts/umsb.fd
File: umsb.fd 2009/06/22 v3.00 AMS symbols B
)pdfTeX warning (ext4): destination with the same identifier (name{page.1}) has
 been already used, duplicate ignored
<to be read again> 
                   \relax 
l.62 ...{6.3}The Sprint cycle}{20}{subsection.6.3}
                                                   [1])
\tf@toc=\write5
\openout5 = `report.toc'.

 [2]
(/home/czepluch/Dropbox/ITU/3. semester/SemesterProject/SliceOfPie/report/Intro
duction/introduction.tex) [3]
(/home/czepluch/Dropbox/ITU/3. semester/SemesterProject/SliceOfPie/report/User_
manual/main.tex

Package hyperref Warning: Difference (2) between bookmark levels is greater 
(hyperref)                than one, level fixed on input line 1.

)
(/home/czepluch/Dropbox/ITU/3. semester/SemesterProject/SliceOfPie/report/User_
manual/local.tex
<User_manual/graphics/local.png, id=327, 860.21375pt x 516.93124pt>
File: User_manual/graphics/local.png Graphic file (type png)

<use User_manual/graphics/local.png>
Package pdftex.def Info: User_manual/graphics/local.png used on input line 7.
(pdftex.def)             Requested size: 360.0pt x 216.33664pt.
 [4 </home/czepluch/Dropbox/ITU/3. semester/SemesterProject/SliceOfPie/report/U
ser_manual/graphics/local.png (PNG copy)>]
[5]
<User_manual/graphics/local-document.png, id=359, 860.21375pt x 516.93124pt>
File: User_manual/graphics/local-document.png Graphic file (type png)

<use User_manual/graphics/local-document.png>
Package pdftex.def Info: User_manual/graphics/local-document.png used on input 
line 44.
(pdftex.def)             Requested size: 360.0pt x 216.33664pt.
)
(/home/czepluch/Dropbox/ITU/3. semester/SemesterProject/SliceOfPie/report/User_
manual/web.tex [6 </home/czepluch/Dropbox/ITU/3. semester/SemesterProject/Slice
OfPie/report/User_manual/graphics/local-document.png (PNG copy)>]
<User_manual/graphics/web.png, id=375, 646.415pt x 479.7925pt>
File: User_manual/graphics/web.png Graphic file (type png)

<use User_manual/graphics/web.png>
Package pdftex.def Info: User_manual/graphics/web.png used on input line 5.
(pdftex.def)             Requested size: 360.0pt x 267.20311pt.
 [7 </home/czepluch/Dropbox/ITU/3. semester/SemesterProject/SliceOfPie/report/U
ser_manual/graphics/web.png (PNG copy)>]
Overfull \hbox (0.76115pt too wide) in paragraph at lines 27--28
 []\T1/cmr/bx/n/10.95 Remove folder [] \T1/cmr/m/n/10.95 To re-move a folder, c
lick the Delete but-ton in the overview
 []

<User_manual/graphics/web-document.png, id=393, 646.415pt x 677.53125pt>
File: User_manual/graphics/web-document.png Graphic file (type png)

<use User_manual/graphics/web-document.png>
Package pdftex.def Info: User_manual/graphics/web-document.png used on input li
ne 36.
(pdftex.def)             Requested size: 360.0pt x 377.32657pt.
) [8]
(/home/czepluch/Dropbox/ITU/3. semester/SemesterProject/SliceOfPie/report/Softw
are_analysis/main.tex)
(/home/czepluch/Dropbox/ITU/3. semester/SemesterProject/SliceOfPie/report/Softw
are_analysis/use_cases.tex)
(/home/czepluch/Dropbox/ITU/3. semester/SemesterProject/SliceOfPie/report/Softw
are_analysis/domain_model.tex)
(/home/czepluch/Dropbox/ITU/3. semester/SemesterProject/SliceOfPie/report/Softw
are_analysis/ssd.tex) [9 </home/czepluch/Dropbox/ITU/3. semester/SemesterProjec
t/SliceOfPie/report/User_manual/graphics/web-document.png (PNG copy)>]
(/home/czepluch/Dropbox/ITU/3. semester/SemesterProject/SliceOfPie/report/Softw
are_analysis/furps.tex) [10]
(/home/czepluch/Dropbox/ITU/3. semester/SemesterProject/SliceOfPie/report/Softw
are_design/main.tex)
(/home/czepluch/Dropbox/ITU/3. semester/SemesterProject/SliceOfPie/report/Softw
are_design/class_diagrams.tex)
(/home/czepluch/Dropbox/ITU/3. semester/SemesterProject/SliceOfPie/report/Softw
are_design/interaction_diagrams.tex)
(/home/czepluch/Dropbox/ITU/3. semester/SemesterProject/SliceOfPie/report/Softw
are_design/design_patterns.tex)
(/home/czepluch/Dropbox/ITU/3. semester/SemesterProject/SliceOfPie/report/Softw
are_design/APM.tex) [11]
(/home/czepluch/Dropbox/ITU/3. semester/SemesterProject/SliceOfPie/report/Softw
are_architecture/main.tex
(/home/czepluch/Dropbox/ITU/3. semester/SemesterProject/SliceOfPie/report/Softw
are_architecture/decisions.tex)
(/home/czepluch/Dropbox/ITU/3. semester/SemesterProject/SliceOfPie/report/Softw
are_architecture/logical.tex
<Software_architecture/graphics/application-layers.png, id=433, 254.1495pt x 82
.50826pt>
File: Software_architecture/graphics/application-layers.png Graphic file (type 
png)
 <use Software_architecture/graphics/application-layers.png>
Package pdftex.def Info: Software_architecture/graphics/application-layers.png 
used on input line 10.
(pdftex.def)             Requested size: 251.9989pt x 81.81183pt.
 [12 </home/czepluch/Dropbox/ITU/3. semester/SemesterProject/SliceOfPie/report/
Software_architecture/graphics/application-layers.png>]
<Software_architecture/graphics/package-diagram.png, id=447, 317.988pt x 146.94
9pt>
File: Software_architecture/graphics/package-diagram.png Graphic file (type png
)
 <use Software_architecture/graphics/package-diagram.png>
Package pdftex.def Info: Software_architecture/graphics/package-diagram.png use
d on input line 31.
(pdftex.def)             Requested size: 251.9989pt x 116.45392pt.

<Software_architecture/graphics/basic-classes.png, id=449, 346.896pt x 138.5175
pt>
File: Software_architecture/graphics/basic-classes.png Graphic file (type png)
 <use Software_architecture/graphics/basic-classes.png>
Package pdftex.def Info: Software_architecture/graphics/basic-classes.png used 
on input line 53.
(pdftex.def)             Requested size: 323.9978pt x 129.38004pt.
)
(/home/czepluch/Dropbox/ITU/3. semester/SemesterProject/SliceOfPie/report/Softw
are_architecture/process.tex
<Software_architecture/graphics/apm-sequence.png, id=451, 454.69875pt x 243.911
25pt>
File: Software_architecture/graphics/apm-sequence.png Graphic file (type png)
 <use Software_architecture/graphics/apm-sequence.png>
Package pdftex.def Info: Software_architecture/graphics/apm-sequence.png used o
n input line 16.
(pdftex.def)             Requested size: 360.0pt x 193.11577pt.
 [13 </home/czepluch/Dropbox/ITU/3. semester/SemesterProject/SliceOfPie/report/
Software_architecture/graphics/package-diagram.png (PNG copy)>])
(/home/czepluch/Dropbox/ITU/3. semester/SemesterProject/SliceOfPie/report/Softw
are_architecture/deployment.tex
<Software_architecture/graphics/deployment-diag.png, id=457, 289.68225pt x 252.
945pt>
File: Software_architecture/graphics/deployment-diag.png Graphic file (type png
)
 <use Software_architecture/graphics/deployment-diag.png>
Package pdftex.def Info: Software_architecture/graphics/deployment-diag.png use
d on input line 6.
(pdftex.def)             Requested size: 251.9989pt x 220.04494pt.
 [14 </home/czepluch/Dropbox/ITU/3. semester/SemesterProject/SliceOfPie/report/
Software_architecture/graphics/basic-classes.png (PNG copy)> </home/czepluch/Dr
opbox/ITU/3. semester/SemesterProject/SliceOfPie/report/Software_architecture/g
raphics/apm-sequence.png (PNG copy)>])
(/home/czepluch/Dropbox/ITU/3. semester/SemesterProject/SliceOfPie/report/Softw
are_architecture/data.tex [15 </home/czepluch/Dropbox/ITU/3. semester/SemesterP
roject/SliceOfPie/report/Software_architecture/graphics/deployment-diag.png>]
Overfull \hbox (53.06035pt too wide) in paragraph at lines 7--9
\T1/cmr/m/n/10.95 The map-ping be-tween the database and the log-i-cal classes 
is found in \T1/cmr/m/it/10.95 MySQLModel.edmx
 []


<Software_architecture/graphics/db-user-project.png, id=470, 283.65974pt x 36.1
35pt>
File: Software_architecture/graphics/db-user-project.png Graphic file (type png
)
 <use Software_architecture/graphics/db-user-project.png>
Package pdftex.def Info: Software_architecture/graphics/db-user-project.png use
d on input line 20.
(pdftex.def)             Requested size: 270.0pt x 34.39474pt.

<Software_architecture/graphics/db-project-folder-document.png, id=471, 383.633
26pt x 87.9285pt>
File: Software_architecture/graphics/db-project-folder-document.png Graphic fil
e (type png)

<use Software_architecture/graphics/db-project-folder-document.png>
Package pdftex.def Info: Software_architecture/graphics/db-project-folder-docum
ent.png used on input line 27.
(pdftex.def)             Requested size: 360.0pt x 82.51324pt.
) [16 </home/czepluch/Dropbox/ITU/3. semester/SemesterProject/SliceOfPie/report
/Software_architecture/graphics/db-user-project.png (PNG copy)> </home/czepluch
/Dropbox/ITU/3. semester/SemesterProject/SliceOfPie/report/Software_architectur
e/graphics/db-project-folder-document.png (PNG copy)>]
(/home/czepluch/Dropbox/ITU/3. semester/SemesterProject/SliceOfPie/report/Softw
are_architecture/implementation.tex)
(/home/czepluch/Dropbox/ITU/3. semester/SemesterProject/SliceOfPie/report/Softw
are_architecture/development.tex [17]
Underfull \hbox (badness 10000) in paragraph at lines 24--24
[][][]\T1/cmr/m/n/9 Availible from Mi-crosoft: http://www.microsoft.com/en-
 []

)
(/home/czepluch/Dropbox/ITU/3. semester/SemesterProject/SliceOfPie/report/Softw
are_architecture/usecase.tex)) [18]
(/home/czepluch/Dropbox/ITU/3. semester/SemesterProject/SliceOfPie/report/SCRUM
/main.tex
(/home/czepluch/Dropbox/ITU/3. semester/SemesterProject/SliceOfPie/report/SCRUM
/distribution_of_scrum_roles.tex)
(/home/czepluch/Dropbox/ITU/3. semester/SemesterProject/SliceOfPie/report/SCRUM
/the_product_backlog.tex [19])
(/home/czepluch/Dropbox/ITU/3. semester/SemesterProject/SliceOfPie/report/SCRUM
/definition_of_done.tex))
(/home/czepluch/Dropbox/ITU/3. semester/SemesterProject/SliceOfPie/report/SCRUM
/the_sprint_cycle.tex [20]) [21]
(/home/czepluch/Dropbox/ITU/3. semester/SemesterProject/SliceOfPie/report/Testi
ng/main.tex)
(/home/czepluch/Dropbox/ITU/3. semester/SemesterProject/SliceOfPie/report/Testi
ng/strategy.tex)
(/home/czepluch/Dropbox/ITU/3. semester/SemesterProject/SliceOfPie/report/Testi
ng/results.tex) [22]
(/home/czepluch/Dropbox/ITU/3. semester/SemesterProject/SliceOfPie/report/Discu
ssion/main.tex
(/home/czepluch/Dropbox/ITU/3. semester/SemesterProject/SliceOfPie/report/Discu
ssion/mysqlvswebservice.tex)) [23]
(/home/czepluch/Dropbox/ITU/3. semester/SemesterProject/SliceOfPie/report/Refle
ction/main.tex) [24]
(/home/czepluch/Dropbox/ITU/3. semester/SemesterProject/SliceOfPie/report/Concl
usion/main.tex) [25]
(/home/czepluch/Dropbox/ITU/3. semester/SemesterProject/SliceOfPie/report/Bibli
ography/main.tex
Underfull \hbox (badness 10000) in paragraph at lines 47--51
\T1/cmr/m/n/10.95 https://github.com/hypesystem/SliceOfPie/wiki/Branching-durin
g-
 []

) [26]
(/home/czepluch/Dropbox/ITU/3. semester/SemesterProject/SliceOfPie/report/Appen
dices/main.tex
(/home/czepluch/Dropbox/ITU/3. semester/SemesterProject/SliceOfPie/report/Appen
dices/supplementary-requirements.tex [27]))
Package atveryend Info: Empty hook `BeforeClearDocument' on input line 121.
 [28]
Package atveryend Info: Empty hook `AfterLastShipout' on input line 121.
 (./report.aux)
Package atveryend Info: Executing hook `AtVeryEndDocument' on input line 121.
Package atveryend Info: Executing hook `AtEndAfterFileList' on input line 121.
Package rerunfilecheck Info: File `report.out' has not changed.
(rerunfilecheck)             Checksum: A22F546B9BB69FF91F9393CC86B5C7F8;3830.
Package atveryend Info: Empty hook `AtVeryVeryEnd' on input line 121.
 ) 
Here is how much of TeX's memory you used:
 15774 strings out of 493488
 295302 string characters out of 3146891
 366031 words of memory out of 3000000
 18469 multiletter control sequences out of 15000+200000
 25637 words of font info for 70 fonts, out of 3000000 for 9000
 957 hyphenation exceptions out of 8191
 56i,8n,57p,657b,445s stack positions out of 5000i,500n,10000p,200000b,50000s
pdfTeX warning (dest): name{cite.ibmREST} has been referenced but does not ex
ist, replaced by a fixed one

pdfTeX warning (dest): name{cite.latexBook} has been referenced but does not ex
ist, replaced by a fixed one

pdfTeX warning (dest): name{cite.sopBranching} has been referenced but does not
 exist, replaced by a fixed one

pdfTeX warning (dest): name{cite.progit} has been referenced but does not exist
, replaced by a fixed one

pdfTeX warning (dest): name{cite.Larman2011} has been referenced but does not e
xist, replaced by a fixed one

pdfTeX warning (dest): name{cite.Griffiths2010} has been referenced but does no
t exist, replaced by a fixed one

pdfTeX warning (dest): name{cite.richtermsdn0307} has been referenced but does 
not exist, replaced by a fixed one

pdfTeX warning (dest): name{cite.msdnAPMdoc} has been referenced but does not e
xist, replaced by a fixed one

pdfTeX warning (dest): name{cite.w3cHTML} has been referenced but does not exis
t, replaced by a fixed one

{/usr/share/texmf-dist/fonts/enc/dvips/cm-super/cm-super-t1.enc}</usr/share/tex
mf-dist/fonts/type1/public/cm-super/sfbi2488.pfb></usr/share/texmf-dist/fonts/t
ype1/public/cm-super/sfbx1095.pfb></usr/share/texmf-dist/fonts/type1/public/cm-
super/sfbx1200.pfb></usr/share/texmf-dist/fonts/type1/public/cm-super/sfbx1440.
pfb></usr/share/texmf-dist/fonts/type1/public/cm-super/sfbx2488.pfb></usr/share
/texmf-dist/fonts/type1/public/cm-super/sfrm0600.pfb></usr/share/texmf-dist/fon
ts/type1/public/cm-super/sfrm0800.pfb></usr/share/texmf-dist/fonts/type1/public
/cm-super/sfrm0900.pfb></usr/share/texmf-dist/fonts/type1/public/cm-super/sfrm1
095.pfb></usr/share/texmf-dist/fonts/type1/public/cm-super/sfti0800.pfb></usr/s
hare/texmf-dist/fonts/type1/public/cm-super/sfti1095.pfb>
Output written on report.pdf (29 pages, 485318 bytes).
PDF statistics:
 628 PDF objects out of 1000 (max. 8388607)
 567 compressed objects within 6 object streams
 144 named destinations out of 1000 (max. 500000)
 540 words of extra memory for PDF output out of 10000 (max. 10000000)

