\BOOKMARK [1][-]{section.1}{Introduction}{}% 1
\BOOKMARK [1][-]{section.2}{User manual}{}% 2
\BOOKMARK [2][-]{subsubsection.2.0.1}{Projects}{section.2}% 3
\BOOKMARK [3][-]{subsubsection.2.0.2}{Folders}{subsubsection.2.0.1}% 4
\BOOKMARK [3][-]{subsubsection.2.0.3}{Documents}{subsubsection.2.0.1}% 5
\BOOKMARK [2][-]{subsection.2.1}{Local client}{section.2}% 6
\BOOKMARK [3][-]{subsubsection.2.1.1}{Projects}{subsection.2.1}% 7
\BOOKMARK [3][-]{subsubsection.2.1.2}{Folders}{subsection.2.1}% 8
\BOOKMARK [3][-]{subsubsection.2.1.3}{Documents}{subsection.2.1}% 9
\BOOKMARK [2][-]{subsection.2.2}{Web client}{section.2}% 10
\BOOKMARK [3][-]{subsubsection.2.2.1}{Projects}{subsection.2.2}% 11
\BOOKMARK [3][-]{subsubsection.2.2.2}{Folders}{subsection.2.2}% 12
\BOOKMARK [3][-]{subsubsection.2.2.3}{Documents}{subsection.2.2}% 13
\BOOKMARK [1][-]{section.3}{Software Analysis}{}% 14
\BOOKMARK [2][-]{subsection.3.1}{Use Cases}{section.3}% 15
\BOOKMARK [2][-]{subsection.3.2}{Domain Model}{section.3}% 16
\BOOKMARK [2][-]{subsection.3.3}{System Sequence Diagrams}{section.3}% 17
\BOOKMARK [2][-]{subsection.3.4}{FURPS+}{section.3}% 18
\BOOKMARK [1][-]{section.4}{Software Design}{}% 19
\BOOKMARK [2][-]{subsection.4.1}{Class Diagrams}{section.4}% 20
\BOOKMARK [2][-]{subsection.4.2}{Interaction Diagrams}{section.4}% 21
\BOOKMARK [2][-]{subsection.4.3}{Design Patterns}{section.4}% 22
\BOOKMARK [3][-]{subsubsection.4.3.1}{Asynchronous Calls}{subsection.4.3}% 23
\BOOKMARK [1][-]{section.5}{Software Architecture}{}% 24
\BOOKMARK [2][-]{subsection.5.1}{Decisions}{section.5}% 25
\BOOKMARK [2][-]{subsection.5.2}{Logical View}{section.5}% 26
\BOOKMARK [2][-]{subsection.5.3}{Process View}{section.5}% 27
\BOOKMARK [2][-]{subsection.5.4}{Deployment View}{section.5}% 28
\BOOKMARK [2][-]{subsection.5.5}{Data View}{section.5}% 29
\BOOKMARK [3][-]{subsubsection.5.5.1}{Remote Database View}{subsection.5.5}% 30
\BOOKMARK [3][-]{subsubsection.5.5.2}{Filesystem View}{subsection.5.5}% 31
\BOOKMARK [2][-]{subsection.5.6}{Implementation View}{section.5}% 32
\BOOKMARK [2][-]{subsection.5.7}{Development View}{section.5}% 33
\BOOKMARK [3][-]{subsubsection.5.7.1}{Preliminary Requirements}{subsection.5.7}% 34
\BOOKMARK [2][-]{subsection.5.8}{Use Case View}{section.5}% 35
\BOOKMARK [1][-]{section.6}{SCRUM}{}% 36
\BOOKMARK [2][-]{subsection.6.1}{Distribution of SCRUM roles}{section.6}% 37
\BOOKMARK [2][-]{subsection.6.2}{The Product Backlog}{section.6}% 38
\BOOKMARK [3][-]{subsubsection.6.2.1}{Definition of Done}{subsection.6.2}% 39
\BOOKMARK [2][-]{subsection.6.3}{The Sprint cycle}{section.6}% 40
\BOOKMARK [3][-]{subsubsection.6.3.1}{Sprint Planning Meetings}{subsection.6.3}% 41
\BOOKMARK [3][-]{subsubsection.6.3.2}{Daily Scrums}{subsection.6.3}% 42
\BOOKMARK [1][-]{section.7}{Testing}{}% 43
\BOOKMARK [2][-]{subsection.7.1}{Test Strategy}{section.7}% 44
\BOOKMARK [3][-]{subsubsection.7.1.1}{Unit tests}{subsection.7.1}% 45
\BOOKMARK [3][-]{subsubsection.7.1.2}{System tests}{subsection.7.1}% 46
\BOOKMARK [2][-]{subsection.7.2}{Test Results}{section.7}% 47
\BOOKMARK [1][-]{section.8}{Discussion}{}% 48
\BOOKMARK [2][-]{subsection.8.1}{Security Concerns Regarding the use of Remotely Accessible MySQL Databases}{section.8}% 49
\BOOKMARK [1][-]{section.9}{Reflection}{}% 50
\BOOKMARK [1][-]{section.10}{Conclusion}{}% 51
\BOOKMARK [1][-]{appendix.A}{Supplementary Requirements}{}% 52
\BOOKMARK [2][-]{subsection.A.1}{Functionality}{appendix.A}% 53
\BOOKMARK [2][-]{subsection.A.2}{Usability}{appendix.A}% 54
\BOOKMARK [2][-]{subsection.A.3}{Reliability}{appendix.A}% 55
\BOOKMARK [2][-]{subsection.A.4}{Performance}{appendix.A}% 56
\BOOKMARK [2][-]{subsection.A.5}{Supportability}{appendix.A}% 57
\BOOKMARK [2][-]{subsection.A.6}{Security}{appendix.A}% 58
\BOOKMARK [2][-]{subsection.A.7}{Implementation Constraints}{appendix.A}% 59
